Using pre-set license
Built from '2020.3/staging' branch; Version is '2020.3.37f1 (8c66806a0c04) revision 9201280'; Using compiler version '192528614'; Build Type 'Release'
OS: 'Windows 10  (10.0.19044) 64bit Professional' Language: 'ko' Physical Memory: 32581 MB
BatchMode: 1, IsHumanControllingUs: 0, StartBugReporterOnCrash: 0, Is64bit: 1, IsPro: 0

COMMAND LINE ARGUMENTS:
C:\Program Files\Unity\Hub\Editor\2020.3.37f1\Editor\Unity.exe
-adb2
-batchMode
-noUpm
-name
AssetImportWorker0
-projectPath
C:/Users/ME/Desktop/Unity/ReVR/My project
-logFile
Logs/AssetImportWorker0.log
-srvPort
9795
Successfully changed project path to: C:/Users/ME/Desktop/Unity/ReVR/My project
C:/Users/ME/Desktop/Unity/ReVR/My project
Using Asset Import Pipeline V2.
Refreshing native plugins compatible for Editor in 166.17 ms, found 17 plugins.
Preloading 1 native plugins for Editor in 0.98 ms.
Initialize engine version: 2020.3.37f1 (8c66806a0c04)
[Subsystems] Discovering subsystems at path C:/Program Files/Unity/Hub/Editor/2020.3.37f1/Editor/Data/Resources/UnitySubsystems
[Subsystems] Discovering subsystems at path C:/Users/ME/Desktop/Unity/ReVR/My project/Assets
[Subsystems] No descriptors matched for  examples in Assets/MeshingFeaturePlugin/UnitySubsystemsManifest.json.
[Subsystems] No descriptors matched for  inputs in Assets/MeshingFeaturePlugin/UnitySubsystemsManifest.json.
[Subsystems] No descriptors matched for  displays in Assets/MeshingFeaturePlugin/UnitySubsystemsManifest.json.
[Subsystems] 1 'meshings' descriptors matched in Assets/MeshingFeaturePlugin/UnitySubsystemsManifest.json
GfxDevice: creating device client; threaded=0
Direct3D:
    Version:  Direct3D 11.0 [level 11.1]
    Renderer: NVIDIA GeForce RTX 3070 Ti (ID=0x2482)
    Vendor:   
    VRAM:     8041 MB
    Driver:   31.0.15.1659
Shader 'Oculus/OVRMRCameraFrameLit': fallback shader 'Alpha-Diffuse' not found
Shader 'Custom/NewSurfaceShader': fallback shader 'Legacy Shaders/Transparent/Vertexlit' not found
Initialize mono
Mono path[0] = 'C:/Program Files/Unity/Hub/Editor/2020.3.37f1/Editor/Data/Managed'
Mono path[1] = 'C:/Program Files/Unity/Hub/Editor/2020.3.37f1/Editor/Data/MonoBleedingEdge/lib/mono/unityjit'
Mono config path = 'C:/Program Files/Unity/Hub/Editor/2020.3.37f1/Editor/Data/MonoBleedingEdge/etc'
Using monoOptions --debugger-agent=transport=dt_socket,embedding=1,server=y,suspend=n,address=127.0.0.1:56112
Begin MonoManager ReloadAssembly
Registering precompiled unity dll's ...
Register platform support module: C:/Program Files/Unity/Hub/Editor/2020.3.37f1/Editor/Data/PlaybackEngines/WindowsStandaloneSupport/UnityEditor.WindowsStandalone.Extensions.dll
Registered in 0.002071 seconds.
Native extension for WindowsStandalone target not found
Refreshing native plugins compatible for Editor in 151.33 ms, found 17 plugins.
Preloading 1 native plugins for Editor in 0.10 ms.
Mono: successfully reloaded assembly
- Completed reload, in  0.744 seconds
Domain Reload Profiling:
	ReloadAssembly (744ms)
		BeginReloadAssembly (69ms)
			ExecutionOrderSort (0ms)
			DisableScriptedObjects (0ms)
			BackupInstance (0ms)
			ReleaseScriptingObjects (0ms)
			CreateAndSetChildDomain (1ms)
		EndReloadAssembly (602ms)
			LoadAssemblies (67ms)
			RebuildTransferFunctionScriptingTraits (0ms)
			SetupTypeCache (151ms)
			ReleaseScriptCaches (0ms)
			RebuildScriptCaches (29ms)
			SetupLoadedEditorAssemblies (302ms)
				LogAssemblyErrors (0ms)
				InitializePlatformSupportModulesInManaged (5ms)
				SetLoadedEditorAssemblies (0ms)
				RefreshPlugins (152ms)
				BeforeProcessingInitializeOnLoad (18ms)
				ProcessInitializeOnLoadAttributes (94ms)
				ProcessInitializeOnLoadMethodAttributes (32ms)
				AfterProcessingInitializeOnLoad (0ms)
				EditorAssembliesLoaded (0ms)
			ExecutionOrderSort2 (0ms)
			AwakeInstancesAfterBackupRestoration (0ms)
Platform modules already initialized, skipping
Registering precompiled user dll's ...
Registered in 0.018135 seconds.
Begin MonoManager ReloadAssembly
Native extension for WindowsStandalone target not found
Refreshing native plugins compatible for Editor in 156.77 ms, found 17 plugins.
Preloading 1 native plugins for Editor in 0.10 ms.
[XR] OculusXRPlugin: registering subsystems
[XR] Unable to register display lifecyle provider: [1]
[XR] Oculus Input lifecycle provider registered.
[XR] Unable to register input lifecyle provider: [1]
[XR] OVRP version 1.74.0
Mono: successfully reloaded assembly
- Completed reload, in  1.978 seconds
Domain Reload Profiling:
	ReloadAssembly (1979ms)
		BeginReloadAssembly (144ms)
			ExecutionOrderSort (0ms)
			DisableScriptedObjects (5ms)
			BackupInstance (0ms)
			ReleaseScriptingObjects (0ms)
			CreateAndSetChildDomain (18ms)
		EndReloadAssembly (1763ms)
			LoadAssemblies (133ms)
			RebuildTransferFunctionScriptingTraits (0ms)
			SetupTypeCache (406ms)
			ReleaseScriptCaches (1ms)
			RebuildScriptCaches (96ms)
			SetupLoadedEditorAssemblies (986ms)
				LogAssemblyErrors (0ms)
				InitializePlatformSupportModulesInManaged (4ms)
				SetLoadedEditorAssemblies (0ms)
				RefreshPlugins (157ms)
				BeforeProcessingInitializeOnLoad (157ms)
				ProcessInitializeOnLoadAttributes (588ms)
				ProcessInitializeOnLoadMethodAttributes (71ms)
				AfterProcessingInitializeOnLoad (8ms)
				EditorAssembliesLoaded (0ms)
			ExecutionOrderSort2 (0ms)
			AwakeInstancesAfterBackupRestoration (2ms)
Platform modules already initialized, skipping
========================================================================
Worker process is ready to serve import requests
Shader 'Custom/NewSurfaceShader': fallback shader 'Legacy Shaders/Transparent/Vertexlit' not found
Shader 'Oculus/OVRMRCameraFrameLit': fallback shader 'Alpha-Diffuse' not found
Launched and connected shader compiler UnityShaderCompiler.exe after 0.05 seconds
Refreshing native plugins compatible for Editor in 1.76 ms, found 17 plugins.
Preloading 1 native plugins for Editor in 0.12 ms.
Unloading 4824 Unused Serialized files (Serialized files now loaded: 0)
System memory in use before: 204.4 MB.
System memory in use after: 204.7 MB.

Unloading 126 unused Assets to reduce memory usage. Loaded Objects now: 5197.
Total: 6.951100 ms (FindLiveObjects: 0.434200 ms CreateObjectMapping: 0.151800 ms MarkObjects: 6.205700 ms  DeleteObjects: 0.158400 ms)

AssetImportParameters requested are different than current active one (requested -> active):
  custom:framework-win-MediaFoundation: 216162199b28c13a410421893ffa2e32 -> 
  custom:video-decoder-ogg-theora: a1e56fd34408186e4bbccfd4996cb3dc -> 
  custom:container-muxer-webm: aa71ff27fc2769a1b78a27578f13a17b -> 
  custom:container-demuxer-webm: 4f35f7cbe854078d1ac9338744f61a02 -> 
  custom:container-demuxer-ogg: 62fdf1f143b41e24485cea50d1cbac27 -> 
  custom:video-encoder-webm-vp8: eb34c28f22e8b96e1ab97ce403110664 -> 
  custom:video-codec-MediaFoundation-h265: 746d11721c4dcdbdad8f713fa42b33f4 -> 
  custom:video-decoder-webm-vp8: 9c59270c3fd7afecdb556c50c9e8de78 -> 
  custom:audio-decoder-ogg-vorbis: bf7c407c2cedff20999df2af8eb42d56 -> 
  custom:audio-encoder-webm-vorbis: bf7c407c2cedff20999df2af8eb42d56 -> 
========================================================================
Received Import Request.
  path: Assets/01.Scenes/03.Show.unity
  artifactKey: Guid(9194389d09ad69541ba8de809fd47339) Importer(815301076,1909f56bfc062723c751e8b465ee728b)
Start importing Assets/01.Scenes/03.Show.unity using Guid(9194389d09ad69541ba8de809fd47339) Importer(815301076,1909f56bfc062723c751e8b465ee728b)  -> (artifact id: '2b5d9992dfe11a1ca1c3d803e6500383') in 0.009794 seconds 
========================================================================
Received Import Request.
  Time since last request: 27.022419 seconds.
  path: Assets/Assets MOOD WARE/_MW Skybox
  artifactKey: Guid(4b4c827a04c5dd24c91fdf88e02e7dec) Importer(815301076,1909f56bfc062723c751e8b465ee728b)
Start importing Assets/Assets MOOD WARE/_MW Skybox using Guid(4b4c827a04c5dd24c91fdf88e02e7dec) Importer(815301076,1909f56bfc062723c751e8b465ee728b)  -> (artifact id: '90b36ac290c43371f5f174670abc4106') in 0.005242 seconds 
========================================================================
Received Import Request.
  Time since last request: 0.693600 seconds.
  path: Assets/Assets MOOD WARE/_MW Skybox/Test Objects
  artifactKey: Guid(923ba0cabf4fc484499443b96d9fe4c7) Importer(815301076,1909f56bfc062723c751e8b465ee728b)
Start importing Assets/Assets MOOD WARE/_MW Skybox/Test Objects using Guid(923ba0cabf4fc484499443b96d9fe4c7) Importer(815301076,1909f56bfc062723c751e8b465ee728b)  -> (artifact id: '888b19735baa4718c7c2252b056360ed') in 0.005347 seconds 
========================================================================
Received Import Request.
  Time since last request: 1.306333 seconds.
  path: Assets/Assets MOOD WARE/_MW Skybox/MAT
  artifactKey: Guid(d7ce245d414f1e7408ce105ab8f3e9fa) Importer(815301076,1909f56bfc062723c751e8b465ee728b)
Start importing Assets/Assets MOOD WARE/_MW Skybox/MAT using Guid(d7ce245d414f1e7408ce105ab8f3e9fa) Importer(815301076,1909f56bfc062723c751e8b465ee728b)  -> (artifact id: '8c3fa0e51f0e885c53f4a349f34f4525') in 0.005989 seconds 
========================================================================
Received Import Request.
  Time since last request: 1.104499 seconds.
  path: Assets/Assets MOOD WARE/_MW Skybox/MAPS/17.front.tif
  artifactKey: Guid(0a1c5ddfa4d49394cb4b11a3baede5e4) Importer(815301076,1909f56bfc062723c751e8b465ee728b)
Start importing Assets/Assets MOOD WARE/_MW Skybox/MAPS/17.front.tif using Guid(0a1c5ddfa4d49394cb4b11a3baede5e4) Importer(815301076,1909f56bfc062723c751e8b465ee728b)  -> (artifact id: 'ded738e9230257c08225dedc50c5a757') in 0.074900 seconds 
========================================================================
Received Import Request.
  Time since last request: 0.000166 seconds.
  path: Assets/Assets MOOD WARE/_MW Skybox/MAPS/17.bottom.tif
  artifactKey: Guid(0d72e8c8960058b40870de0cb1b96f0d) Importer(815301076,1909f56bfc062723c751e8b465ee728b)
Start importing Assets/Assets MOOD WARE/_MW Skybox/MAPS/17.bottom.tif using Guid(0d72e8c8960058b40870de0cb1b96f0d) Importer(815301076,1909f56bfc062723c751e8b465ee728b)  -> (artifact id: '6f17876915694d7a91a55ff02476c0e4') in 0.010786 seconds 
========================================================================
Received Import Request.
  Time since last request: 0.000158 seconds.
  path: Assets/Assets MOOD WARE/_MW Skybox/MAPS/17.back.tif
  artifactKey: Guid(a6ae0f32542b21e48bedf847f74bdd48) Importer(815301076,1909f56bfc062723c751e8b465ee728b)
Start importing Assets/Assets MOOD WARE/_MW Skybox/MAPS/17.back.tif using Guid(a6ae0f32542b21e48bedf847f74bdd48) Importer(815301076,1909f56bfc062723c751e8b465ee728b)  -> (artifact id: '933bb97e7dc718b5e00d95f1b3a0675f') in 0.012087 seconds 
========================================================================
Received Import Request.
  Time since last request: 0.000153 seconds.
  path: Assets/Assets MOOD WARE/_MW Skybox/MAPS/17.right.tif
  artifactKey: Guid(d2786f849387fde428d3d3a67d1440d6) Importer(815301076,1909f56bfc062723c751e8b465ee728b)
Start importing Assets/Assets MOOD WARE/_MW Skybox/MAPS/17.right.tif using Guid(d2786f849387fde428d3d3a67d1440d6) Importer(815301076,1909f56bfc062723c751e8b465ee728b)  -> (artifact id: '2face2267031f7abfb27b136bfaa8c57') in 0.012471 seconds 
========================================================================
Received Import Request.
  Time since last request: 0.000137 seconds.
  path: Assets/Assets MOOD WARE/_MW Skybox/MAPS/17.top.tif
  artifactKey: Guid(778ad5671cd92ab4f91cd437cb7369cc) Importer(815301076,1909f56bfc062723c751e8b465ee728b)
Start importing Assets/Assets MOOD WARE/_MW Skybox/MAPS/17.top.tif using Guid(778ad5671cd92ab4f91cd437cb7369cc) Importer(815301076,1909f56bfc062723c751e8b465ee728b)  -> (artifact id: '123250926419360d74054c2552029fac') in 0.012118 seconds 
========================================================================
Received Import Request.
  Time since last request: 0.000181 seconds.
  path: Assets/Assets MOOD WARE/_MW Skybox/MAPS/17.left.tif
  artifactKey: Guid(869b885ccff2aab4a9655c913b4c10b1) Importer(815301076,1909f56bfc062723c751e8b465ee728b)
Start importing Assets/Assets MOOD WARE/_MW Skybox/MAPS/17.left.tif using Guid(869b885ccff2aab4a9655c913b4c10b1) Importer(815301076,1909f56bfc062723c751e8b465ee728b)  -> (artifact id: 'c0494f3bfff597d271647fd8c66cb7a6') in 0.011402 seconds 
========================================================================
Received Import Request.
  Time since last request: 4.631343 seconds.
  path: Assets/Assets MOOD WARE/_MW Skybox/MAPS/17.tif
  artifactKey: Guid(8ae3804cec9dcd0488c6ddec21b4d5b0) Importer(815301076,1909f56bfc062723c751e8b465ee728b)
Start importing Assets/Assets MOOD WARE/_MW Skybox/MAPS/17.tif using Guid(8ae3804cec9dcd0488c6ddec21b4d5b0) Importer(815301076,1909f56bfc062723c751e8b465ee728b)  -> (artifact id: '2ef484c136656b62a77541c754bab46e') in 0.019987 seconds 
========================================================================
Received Import Request.
  Time since last request: 2.272972 seconds.
  path: Assets/Assets MOOD WARE/_MW Skybox/MAPS/17_FM.front.tif
  artifactKey: Guid(5e5f48d38ff8c9640b6650c885c1c8fc) Importer(815301076,1909f56bfc062723c751e8b465ee728b)
Start importing Assets/Assets MOOD WARE/_MW Skybox/MAPS/17_FM.front.tif using Guid(5e5f48d38ff8c9640b6650c885c1c8fc) Importer(815301076,1909f56bfc062723c751e8b465ee728b)  -> (artifact id: '316bd50341d9fb931ac9ca97d8b802ba') in 0.013149 seconds 
========================================================================
Received Import Request.
  Time since last request: 0.000174 seconds.
  path: Assets/Assets MOOD WARE/_MW Skybox/MAPS/17_FM.bottom.tif
  artifactKey: Guid(c6c5a05795c843f4b9c1febf8f153f37) Importer(815301076,1909f56bfc062723c751e8b465ee728b)
Start importing Assets/Assets MOOD WARE/_MW Skybox/MAPS/17_FM.bottom.tif using Guid(c6c5a05795c843f4b9c1febf8f153f37) Importer(815301076,1909f56bfc062723c751e8b465ee728b)  -> (artifact id: 'dc1aaf33df3792113e8e3ca30ea47a89') in 0.010791 seconds 
========================================================================
Received Import Request.
  Time since last request: 0.000199 seconds.
  path: Assets/Assets MOOD WARE/_MW Skybox/MAPS/17_FM.right.tif
  artifactKey: Guid(0d0f3ff0373271d4eb0b8b0c091483b2) Importer(815301076,1909f56bfc062723c751e8b465ee728b)
Start importing Assets/Assets MOOD WARE/_MW Skybox/MAPS/17_FM.right.tif using Guid(0d0f3ff0373271d4eb0b8b0c091483b2) Importer(815301076,1909f56bfc062723c751e8b465ee728b)  -> (artifact id: 'eb44dffb19d898b91d5e64b738875c28') in 0.013641 seconds 
========================================================================
Received Import Request.
  Time since last request: 0.000211 seconds.
  path: Assets/Assets MOOD WARE/_MW Skybox/MAPS/17_FM.top.tif
  artifactKey: Guid(eab096bccd7e18a48b8d426dc25b04cc) Importer(815301076,1909f56bfc062723c751e8b465ee728b)
Start importing Assets/Assets MOOD WARE/_MW Skybox/MAPS/17_FM.top.tif using Guid(eab096bccd7e18a48b8d426dc25b04cc) Importer(815301076,1909f56bfc062723c751e8b465ee728b)  -> (artifact id: '70a4693c2550772d9c0878d95c2da7bb') in 0.013271 seconds 
========================================================================
Received Import Request.
  Time since last request: 0.000151 seconds.
  path: Assets/Assets MOOD WARE/_MW Skybox/MAPS/17_FM.left.tif
  artifactKey: Guid(c0399645ec0621846a75956e42534211) Importer(815301076,1909f56bfc062723c751e8b465ee728b)
Start importing Assets/Assets MOOD WARE/_MW Skybox/MAPS/17_FM.left.tif using Guid(c0399645ec0621846a75956e42534211) Importer(815301076,1909f56bfc062723c751e8b465ee728b)  -> (artifact id: '0a90f3af2622cbd616d8c5c54118ac5f') in 0.014830 seconds 
========================================================================
Received Import Request.
  Time since last request: 0.000168 seconds.
  path: Assets/Assets MOOD WARE/_MW Skybox/MAPS/17_FM.back.tif
  artifactKey: Guid(5912294b6ac10854283a78433b210821) Importer(815301076,1909f56bfc062723c751e8b465ee728b)
Start importing Assets/Assets MOOD WARE/_MW Skybox/MAPS/17_FM.back.tif using Guid(5912294b6ac10854283a78433b210821) Importer(815301076,1909f56bfc062723c751e8b465ee728b)  -> (artifact id: '5f767c4b83aff6cb73d0e1c2992fb547') in 0.012870 seconds 
========================================================================
Received Import Request.
  Time since last request: 0.359899 seconds.
  path: Assets/Assets MOOD WARE/_MW Skybox/MAPS/M02_pan.tif
  artifactKey: Guid(b6c698491d87fd24584470e241748cdb) Importer(815301076,1909f56bfc062723c751e8b465ee728b)
Start importing Assets/Assets MOOD WARE/_MW Skybox/MAPS/M02_pan.tif using Guid(b6c698491d87fd24584470e241748cdb) Importer(815301076,1909f56bfc062723c751e8b465ee728b)  -> (artifact id: '1ef281cae47c12f2e86f0352585c46e3') in 0.012802 seconds 
========================================================================
Received Import Request.
  Time since last request: 5.236759 seconds.
  path: Assets/Assets MOOD WARE/_MW Skybox/MAPS/26 Panorama.tif
  artifactKey: Guid(29989482124a757418772366555da5b6) Importer(815301076,1909f56bfc062723c751e8b465ee728b)
Start importing Assets/Assets MOOD WARE/_MW Skybox/MAPS/26 Panorama.tif using Guid(29989482124a757418772366555da5b6) Importer(815301076,1909f56bfc062723c751e8b465ee728b)  -> (artifact id: 'abaa876ed61097be8ea669082a55e65b') in 0.035018 seconds 
========================================================================
Received Import Request.
  Time since last request: 0.522274 seconds.
  path: Assets/Assets MOOD WARE/_MW Skybox/MAPS/25 Panorama.tif
  artifactKey: Guid(8ec3f759e8bfbe54cbb7f19f9be2d4be) Importer(815301076,1909f56bfc062723c751e8b465ee728b)
Start importing Assets/Assets MOOD WARE/_MW Skybox/MAPS/25 Panorama.tif using Guid(8ec3f759e8bfbe54cbb7f19f9be2d4be) Importer(815301076,1909f56bfc062723c751e8b465ee728b)  -> (artifact id: '1977f7d04453adac266072460093daa1') in 0.032099 seconds 
========================================================================
Received Import Request.
  Time since last request: 0.360345 seconds.
  path: Assets/Assets MOOD WARE/_MW Skybox/MAPS/24 Panorama.tif
  artifactKey: Guid(8f1c1d19e0992834cbaaa970e4796a0e) Importer(815301076,1909f56bfc062723c751e8b465ee728b)
Start importing Assets/Assets MOOD WARE/_MW Skybox/MAPS/24 Panorama.tif using Guid(8f1c1d19e0992834cbaaa970e4796a0e) Importer(815301076,1909f56bfc062723c751e8b465ee728b)  -> (artifact id: 'c75e12fc45566335943ce3e007f9bf22') in 0.021070 seconds 
========================================================================
Received Import Request.
  Time since last request: 10.950387 seconds.
  path: Assets/01.Scenes/01.Intro.unity
  artifactKey: Guid(8d8b6cf8a36758343b1e53dfddd27366) Importer(815301076,1909f56bfc062723c751e8b465ee728b)
Start importing Assets/01.Scenes/01.Intro.unity using Guid(8d8b6cf8a36758343b1e53dfddd27366) Importer(815301076,1909f56bfc062723c751e8b465ee728b)  -> (artifact id: 'ae84ea1c77b4a6c5c90880979537da1e') in 0.004638 seconds 
========================================================================
Received Import Request.
  Time since last request: 81.877975 seconds.
  path: Assets/Assets MOOD WARE/_MW Skybox/MAPS/23 Panorama.tif
  artifactKey: Guid(b746567c79f48b54b84f1d4e5f128acf) Importer(815301076,1909f56bfc062723c751e8b465ee728b)
Start importing Assets/Assets MOOD WARE/_MW Skybox/MAPS/23 Panorama.tif using Guid(b746567c79f48b54b84f1d4e5f128acf) Importer(815301076,1909f56bfc062723c751e8b465ee728b)  -> (artifact id: 'eb3f6c20ed7bcd92d637998b6d985ef0') in 0.019717 seconds 
========================================================================
Received Import Request.
  Time since last request: 7.178840 seconds.
  path: Assets/Assets MOOD WARE/_MW Skybox/MAPS/20_pan.tif
  artifactKey: Guid(75a23b926f0a0bc4d85de2f941d483ea) Importer(815301076,1909f56bfc062723c751e8b465ee728b)
Start importing Assets/Assets MOOD WARE/_MW Skybox/MAPS/20_pan.tif using Guid(75a23b926f0a0bc4d85de2f941d483ea) Importer(815301076,1909f56bfc062723c751e8b465ee728b)  -> (artifact id: '45e5b305d4f1cc14b66f804d9ecbd665') in 0.013031 seconds 
========================================================================
Received Import Request.
  Time since last request: 107.164378 seconds.
  path: Assets/01.Scenes/03.Show.unity
  artifactKey: Guid(9194389d09ad69541ba8de809fd47339) Importer(815301076,1909f56bfc062723c751e8b465ee728b)
Start importing Assets/01.Scenes/03.Show.unity using Guid(9194389d09ad69541ba8de809fd47339) Importer(815301076,1909f56bfc062723c751e8b465ee728b)  -> (artifact id: '5e93d4f6aa8448251ab55657470cc9f5') in 0.003148 seconds 
========================================================================
Received Import Request.
  Time since last request: 133.987659 seconds.
  path: Assets/02.Script/04.Scene/GameManager.cs
  artifactKey: Guid(cdda89ca3abac6f4e9187c219351508e) Importer(815301076,1909f56bfc062723c751e8b465ee728b)
Start importing Assets/02.Script/04.Scene/GameManager.cs using Guid(cdda89ca3abac6f4e9187c219351508e) Importer(815301076,1909f56bfc062723c751e8b465ee728b)  -> (artifact id: '92daa2e4c987ec00be48c5c289599e1f') in 0.010109 seconds 
========================================================================
Received Import Request.
  Time since last request: 0.155505 seconds.
  path: Assets/02.Script/04.Scene/DetailManager.cs
  artifactKey: Guid(5196fec2b9a84464da23d4fdea70ebb8) Importer(815301076,1909f56bfc062723c751e8b465ee728b)
Start importing Assets/02.Script/04.Scene/DetailManager.cs using Guid(5196fec2b9a84464da23d4fdea70ebb8) Importer(815301076,1909f56bfc062723c751e8b465ee728b)  -> (artifact id: '5c0e7c4b0bd5b4100d52beac2e26f1ed') in 0.004928 seconds 
========================================================================
Received Import Request.
  Time since last request: 38.329621 seconds.
  path: Assets/02.Script/03.Scene/LobbyManager.cs
  artifactKey: Guid(6a7aca99a08d06941b4e3a279c674d11) Importer(815301076,1909f56bfc062723c751e8b465ee728b)
Start importing Assets/02.Script/03.Scene/LobbyManager.cs using Guid(6a7aca99a08d06941b4e3a279c674d11) Importer(815301076,1909f56bfc062723c751e8b465ee728b)  -> (artifact id: '02488dd7b6c9c19db7683f0a872d1ee3') in 0.006673 seconds 
========================================================================
Received Prepare
Registering precompiled user dll's ...
Registered in 0.017379 seconds.
Begin MonoManager ReloadAssembly
Native extension for WindowsStandalone target not found
Refreshing native plugins compatible for Editor in 1.85 ms, found 17 plugins.
Preloading 1 native plugins for Editor in 0.10 ms.
Mono: successfully reloaded assembly
- Completed reload, in  1.622 seconds
Domain Reload Profiling:
	ReloadAssembly (1622ms)
		BeginReloadAssembly (152ms)
			ExecutionOrderSort (0ms)
			DisableScriptedObjects (4ms)
			BackupInstance (0ms)
			ReleaseScriptingObjects (0ms)
			CreateAndSetChildDomain (47ms)
		EndReloadAssembly (1404ms)
			LoadAssemblies (150ms)
			RebuildTransferFunctionScriptingTraits (0ms)
			SetupTypeCache (366ms)
			ReleaseScriptCaches (1ms)
			RebuildScriptCaches (49ms)
			SetupLoadedEditorAssemblies (728ms)
				LogAssemblyErrors (0ms)
				InitializePlatformSupportModulesInManaged (4ms)
				SetLoadedEditorAssemblies (1ms)
				RefreshPlugins (2ms)
				BeforeProcessingInitializeOnLoad (119ms)
				ProcessInitializeOnLoadAttributes (535ms)
				ProcessInitializeOnLoadMethodAttributes (59ms)
				AfterProcessingInitializeOnLoad (9ms)
				EditorAssembliesLoaded (0ms)
			ExecutionOrderSort2 (0ms)
			AwakeInstancesAfterBackupRestoration (4ms)
Platform modules already initialized, skipping
Shader 'Custom/NewSurfaceShader': fallback shader 'Legacy Shaders/Transparent/Vertexlit' not found
Shader 'Oculus/OVRMRCameraFrameLit': fallback shader 'Alpha-Diffuse' not found
Refreshing native plugins compatible for Editor in 1.86 ms, found 17 plugins.
Preloading 1 native plugins for Editor in 0.09 ms.
Unloading 4695 Unused Serialized files (Serialized files now loaded: 0)
System memory in use before: 194.5 MB.
System memory in use after: 194.8 MB.

Unloading 118 unused Assets to reduce memory usage. Loaded Objects now: 5206.
Total: 6.306000 ms (FindLiveObjects: 0.402800 ms CreateObjectMapping: 0.153700 ms MarkObjects: 5.703400 ms  DeleteObjects: 0.045100 ms)

AssetImportParameters requested are different than current active one (requested -> active):
  custom:framework-win-MediaFoundation: 216162199b28c13a410421893ffa2e32 -> 
  custom:video-decoder-ogg-theora: a1e56fd34408186e4bbccfd4996cb3dc -> 
  custom:container-muxer-webm: aa71ff27fc2769a1b78a27578f13a17b -> 
  custom:container-demuxer-webm: 4f35f7cbe854078d1ac9338744f61a02 -> 
  custom:container-demuxer-ogg: 62fdf1f143b41e24485cea50d1cbac27 -> 
  custom:video-encoder-webm-vp8: eb34c28f22e8b96e1ab97ce403110664 -> 
  custom:video-codec-MediaFoundation-h265: 746d11721c4dcdbdad8f713fa42b33f4 -> 
  custom:video-decoder-webm-vp8: 9c59270c3fd7afecdb556c50c9e8de78 -> 
  custom:audio-decoder-ogg-vorbis: bf7c407c2cedff20999df2af8eb42d56 -> 
  custom:audio-encoder-webm-vorbis: bf7c407c2cedff20999df2af8eb42d56 -> 
========================================================================
Received Import Request.
  Time since last request: 401.035178 seconds.
  path: Assets/01.Scenes/03.Show.unity
  artifactKey: Guid(9194389d09ad69541ba8de809fd47339) Importer(815301076,1909f56bfc062723c751e8b465ee728b)
Start importing Assets/01.Scenes/03.Show.unity using Guid(9194389d09ad69541ba8de809fd47339) Importer(815301076,1909f56bfc062723c751e8b465ee728b)  -> (artifact id: '60b545366ce5c67207b8f336ea8e9bd4') in 0.006757 seconds 
AssetImportWorkerClient::OnTransportError - code=2 error=End of file
